[23:42:00] [Server thread/INFO]: herobrine was squashed by a falling anvil
[23:42:00] [Server thread/INFO]: herobrine was pricked to death
[23:42:00] [Server thread/INFO]: herobrine walked into a cactus whilst trying to escape evilbrine
[23:42:00] [Server thread/INFO]: herobrine was shot by arrow
[23:42:00] [Server thread/INFO]: herobrine drowned
[23:42:00] [Server thread/INFO]: herobrine drowned whilst trying to escape evilbrine
[23:42:00] [Server thread/INFO]: herobrine blew up
[23:42:00] [Server thread/INFO]: herobrine was blown up by evilbrine
[23:42:00] [Server thread/INFO]: herobrine hit the ground too hard
[23:42:00] [Server thread/INFO]: herobrine fell from a high place
[23:42:00] [Server thread/INFO]: herobrine fell off a ladder
[23:42:00] [Server thread/INFO]: herobrine fell off some vines
[23:42:00] [Server thread/INFO]: herobrine fell out of the water
[23:42:00] [Server thread/INFO]: herobrine fell into a patch of fire
[23:42:00] [Server thread/INFO]: herobrine fell into a patch of cacti
[23:42:00] [Server thread/INFO]: herobrine was doomed to fall (by evilbrine)
[23:42:00] [Server thread/INFO]: herobrine was shot off some vines by evilbrine
[23:42:00] [Server thread/INFO]: herobrine was shot off a ladder by evilbrine
[23:42:00] [Server thread/INFO]: herobrine was blown from a high place by Skeleton
[23:42:00] [Server thread/INFO]: herobrine went up in flames
[23:42:00] [Server thread/INFO]: herobrine burned to death
[23:42:00] [Server thread/INFO]: herobrine was burnt to a crisp whilst fighting evilbrine
[23:42:00] [Server thread/INFO]: herobrine walked into a fire whilst fighting evilbrine
[23:42:00] [Server thread/INFO]: herobrine was slain by Skeleton
[23:42:00] [Server thread/INFO]: herobrine was shot by Skeleton
[23:42:00] [Server thread/INFO]: herobrine was fireballed by Skeleton
[23:42:00] [Server thread/INFO]: herobrine was killed by Skeleton using magic
[23:42:00] [Server thread/INFO]: herobrine got finished off by Skeleton using Diamon Hoe
[23:42:00] [Server thread/INFO]: herobrine was slain by Skeleton using Diamon Hoe
[23:42:00] [Server thread/INFO]: herobrine tried to swim in lava
[23:42:00] [Server thread/INFO]: herobrine tried to swim in lava while trying to escape evilbrine
[23:42:00] [Server thread/INFO]: herobrine died
[23:42:00] [Server thread/INFO]: herobrine was squashed by a falling block
[23:42:00] [Server thread/INFO]: herobrine got finished off by evilbrine using Diamon Hoe
[23:42:00] [Server thread/INFO]: herobrine was slain by evilbrine using Diamon Hoe
[23:42:00] [Server thread/INFO]: herobrine was shot by evilbrine
[23:42:00] [Server thread/INFO]: herobrine was killed by evilbrine using magic
[23:42:00] [Server thread/INFO]: herobrine was killed by magic
[23:42:00] [Server thread/INFO]: herobrine starved to death
[23:42:00] [Server thread/INFO]: herobrine suffocated in a wall
[23:42:00] [Server thread/INFO]: herobrine was killed while trying to hurt evilbrine
[23:42:00] [Server thread/INFO]: herobrine was pummeled by evilbrine
[23:42:00] [Server thread/INFO]: herobrine fell out of the world
[23:42:00] [Server thread/INFO]: herobrine fell from a high place and fell out of the world
[23:42:00] [Server thread/INFO]: herobrine was knocked into the void by evilbrine
[23:42:00] [Server thread/INFO]: herobrine withered away
